2024/08/22 09:49:09 main.go:42: failed to connect to `host=localhost user=ayo database=pickitup_db3`: tls error (server refused TLS connection)
2024/08/22 09:50:14 main.go:42: Failed to connect to database: failed to connect to `host=localhost user=ayo database=pickitup_db3`: tls error (server refused TLS connection)
2024/08/22 09:51:12 db.go:15: Database Connected Successfully!
2024/08/22 10:05:33 db.go:15: Database Connected Successfully!
2024/08/22 10:55:09 db.go:15: Database Connected Successfully!
2024/08/22 10:58:56 db.go:15: Database Connected Successfully!
2024/08/22 15:09:35 db.go:15: Database Connected Successfully!
2024/08/22 15:13:08 db.go:15: Database Connected Successfully!
2024/08/22 15:13:12 user_controller.go:30: invalid character '"' after object key:value pair
2024/08/22 15:14:39 db.go:15: Database Connected Successfully!
2024/08/22 15:16:18 db.go:15: Database Connected Successfully!
2024/08/22 15:17:50 db.go:15: Database Connected Successfully!
2024/08/22 15:17:53 user_controller.go:37: user with this email already exists
2024/08/22 15:20:05 db.go:15: Database Connected Successfully!
2024/08/22 15:21:13 user_controller.go:38: user with this email already exists
2024/08/22 15:22:41 db.go:15: Database Connected Successfully!
2024/08/22 15:23:38 user_controller.go:38: user with this email already exists
2024/08/22 15:25:48 db.go:15: Database Connected Successfully!
2024/08/22 15:28:12 db.go:15: Database Connected Successfully!
2024/08/22 15:28:14 user_controller.go:38: user with this email already exists
2024/08/22 15:33:20 db.go:15: Database Connected Successfully!
2024/08/22 15:34:48 db.go:15: Database Connected Successfully!
2024/08/22 15:37:56 db.go:15: Database Connected Successfully!
2024/08/22 16:01:10 db.go:15: Database Connected Successfully!
2024/08/22 16:08:57 db.go:15: Database Connected Successfully!
2024/08/22 16:32:29 user_controller.go:39: ERROR: duplicate key value violates unique constraint "uni_users_phone_number" (SQLSTATE 23505)
2024/08/22 16:32:36 user_service.go:56: Email sending failed due to open utils/verification_template.html: The system cannot find the path specified.
2024/08/22 16:35:47 db.go:15: Database Connected Successfully!
2024/08/22 16:39:10 db.go:15: Database Connected Successfully!
2024/08/25 00:16:46 db.go:15: Database Connected Successfully!
2024/08/25 00:17:43 db.go:15: Database Connected Successfully!
2024/08/25 00:19:31 db.go:15: Database Connected Successfully!
2024/08/25 00:19:39 utils.go:131: ERROR: relation "riders" does not exist (SQLSTATE 42P01)
2024/08/25 00:19:39 rider_service.go:76: Generate Code failed:  dial tcp [::1]:6379: connectex: No connection could be made because the target machine actively refused it.
2024/08/25 00:21:57 db.go:15: Database Connected Successfully!
2024/08/25 00:24:22 db.go:15: Database Connected Successfully!
2024/08/25 00:24:56 rider_controller.go:42: user with this email already exists
2024/08/25 00:25:34 utils.go:131: ERROR: duplicate key value violates unique constraint "uni_users_phone_number" (SQLSTATE 23505)
2024/08/25 00:25:34 utils.go:131: ERROR: insert or update on table "riders" violates foreign key constraint "fk_users_rider" (SQLSTATE 23503)
2024/08/25 00:25:35 rider_service.go:76: Generate Code failed:  dial tcp [::1]:6379: connectex: No connection could be made because the target machine actively refused it.
2024/08/25 00:30:08 utils.go:131: ERROR: duplicate key value violates unique constraint "uni_users_phone_number" (SQLSTATE 23505)
2024/08/25 00:30:08 utils.go:131: ERROR: insert or update on table "riders" violates foreign key constraint "fk_users_rider" (SQLSTATE 23503)
2024/08/25 00:30:08 rider_service.go:76: Generate Code failed:  dial tcp [::1]:6379: connectex: No connection could be made because the target machine actively refused it.
2024/08/25 00:30:11 utils.go:131: ERROR: duplicate key value violates unique constraint "uni_users_phone_number" (SQLSTATE 23505)
2024/08/25 00:30:11 utils.go:131: ERROR: insert or update on table "riders" violates foreign key constraint "fk_users_rider" (SQLSTATE 23503)
2024/08/25 00:30:11 rider_service.go:76: Generate Code failed:  dial tcp [::1]:6379: connectex: No connection could be made because the target machine actively refused it.
2024/08/25 00:31:10 utils.go:131: ERROR: duplicate key value violates unique constraint "uni_users_phone_number" (SQLSTATE 23505)
2024/08/25 00:31:10 utils.go:131: ERROR: insert or update on table "riders" violates foreign key constraint "fk_users_rider" (SQLSTATE 23503)
2024/08/25 00:31:10 rider_service.go:76: Generate Code failed:  dial tcp [::1]:6379: connectex: No connection could be made because the target machine actively refused it.
2024/08/25 00:31:25 utils.go:131: ERROR: duplicate key value violates unique constraint "uni_users_phone_number" (SQLSTATE 23505)
2024/08/25 00:31:25 utils.go:131: ERROR: insert or update on table "riders" violates foreign key constraint "fk_users_rider" (SQLSTATE 23503)
2024/08/25 00:31:26 rider_service.go:76: Generate Code failed:  dial tcp [::1]:6379: connectex: No connection could be made because the target machine actively refused it.
2024/08/25 00:32:32 db.go:15: Database Connected Successfully!
2024/08/25 00:32:34 utils.go:131: ERROR: duplicate key value violates unique constraint "uni_users_phone_number" (SQLSTATE 23505)
2024/08/25 00:32:34 utils.go:131: ERROR: insert or update on table "riders" violates foreign key constraint "fk_users_rider" (SQLSTATE 23503)
2024/08/25 00:32:34 rider_service.go:76: Generate Code failed:  dial tcp [::1]:6379: connectex: No connection could be made because the target machine actively refused it.
2024/08/25 00:33:01 utils.go:131: ERROR: duplicate key value violates unique constraint "uni_users_phone_number" (SQLSTATE 23505)
2024/08/25 00:33:01 utils.go:131: ERROR: insert or update on table "riders" violates foreign key constraint "fk_users_rider" (SQLSTATE 23503)
2024/08/25 00:33:01 rider_service.go:76: Generate Code failed:  dial tcp [::1]:6379: connectex: No connection could be made because the target machine actively refused it.
2024/08/25 00:33:20 utils.go:131: ERROR: duplicate key value violates unique constraint "uni_users_phone_number" (SQLSTATE 23505)
2024/08/25 00:33:20 utils.go:131: ERROR: insert or update on table "riders" violates foreign key constraint "fk_users_rider" (SQLSTATE 23503)
2024/08/25 00:33:21 rider_service.go:76: Generate Code failed:  dial tcp [::1]:6379: connectex: No connection could be made because the target machine actively refused it.
2024/08/25 00:35:08 utils.go:131: ERROR: duplicate key value violates unique constraint "uni_users_phone_number" (SQLSTATE 23505)
2024/08/25 00:35:08 utils.go:131: ERROR: insert or update on table "riders" violates foreign key constraint "fk_users_rider" (SQLSTATE 23503)
2024/08/25 00:35:08 rider_service.go:76: Generate Code failed:  dial tcp [::1]:6379: connectex: No connection could be made because the target machine actively refused it.
2024/08/25 00:37:15 db.go:15: Database Connected Successfully!
2024/08/25 00:37:32 rider_service.go:56: Error creating user ERROR: duplicate key value violates unique constraint "uni_users_phone_number" (SQLSTATE 23505) 
2024/08/25 00:37:32 utils.go:131: ERROR: duplicate key value violates unique constraint "uni_users_phone_number" (SQLSTATE 23505)
2024/08/25 00:37:32 utils.go:131: ERROR: insert or update on table "riders" violates foreign key constraint "fk_users_rider" (SQLSTATE 23503)
2024/08/25 00:37:32 rider_service.go:77: Generate Code failed:  dial tcp [::1]:6379: connectex: No connection could be made because the target machine actively refused it.
2024/08/25 00:38:09 db.go:15: Database Connected Successfully!
2024/08/25 00:38:11 rider_service.go:56: Error creating user ERROR: duplicate key value violates unique constraint "uni_users_phone_number" (SQLSTATE 23505) 
2024/08/25 00:38:11 utils.go:131: ERROR: duplicate key value violates unique constraint "uni_users_phone_number" (SQLSTATE 23505)
2024/08/25 00:38:11 rider_controller.go:42: ERROR: duplicate key value violates unique constraint "uni_users_phone_number" (SQLSTATE 23505)
2024/08/25 00:39:07 db.go:15: Database Connected Successfully!
2024/08/25 00:39:17 rider_service.go:77: Generate Code failed:  dial tcp [::1]:6379: connectex: No connection could be made because the target machine actively refused it.
2024/08/25 21:42:25 db.go:15: Database Connected Successfully!
2024/08/25 21:43:06 db.go:15: Database Connected Successfully!
2024/08/25 22:20:43 db.go:15: Database Connected Successfully!
2024/08/25 22:23:56 db.go:15: Database Connected Successfully!
2024/08/25 22:25:14 db.go:15: Database Connected Successfully!
2024/08/25 22:29:19 db.go:15: Database Connected Successfully!
2024/08/25 22:30:47 db.go:15: Database Connected Successfully!
2024/08/25 22:35:20 db.go:15: Database Connected Successfully!
2024/08/25 22:38:38 db.go:15: Database Connected Successfully!
